C:\Users\Admin\Desktop\Graves\euallegro.ew:2377 in procedure draw_sprite() 
A machine-level exception occurred during execution of this statement 
    bmp = 139498040
    sprite = 0
    x = 448
    y = 64'@'

... called from C:\Users\Admin\Desktop\Graves\Graves.exw:1351 in procedure object_step()  
    x = 448
    y = 64'@'
    object_type = 6
    i = 1

... called from C:\Users\Admin\Desktop\Graves\Graves.exw:2034 


Global & Local Variables

 C:\EUPHORIA\include\machine.e:
    mem = 6275408
    check_calls = 1

 C:\EUPHORIA\include\get.e:
    input_file = <no value>
    input_string = {55'7',56'8',10}
    string_next = 4
    ch = 10

 C:\Users\Admin\Desktop\Graves\euallegro.ew:
    AllegroLib = 1738276864
    cpu_family = 6
    cpu_model = 14
    cpu_capabilities = 2879
    cpu_vendor = {71'G',101'e',110'n',117'u',105'i',110'n',101'e',73'I',110'n',
116't',101'e',108'l'}
    os_type = 1464751136
    os_version = 6
    os_revision = 2
    os_multitasking = 1
    my_set_window_close_button = 1
    my_set_window_close_hook = 2
    my_win_get_window = 3
    my_file_select_ex = 4
    user32 = 1982857216
    xMoveWindow = 5
    my_errno_ptr = 6275056
    num_joysticks = -1
    my_screen = 1738981476
    screen = 37934672
    SCREEN_W = 640
    SCREEN_H = 480
    VIRTUAL_W = 640
    VIRTUAL_H = 480
    GFX_DRIVER_NAME = {68'D',105'i',114'r',101'e',99'c',116't',68'D',114'r',
97'a',119'w',32' ',119'w',105'i',110'n',100'd',111'o',119'w'}

 C:\Users\Admin\Desktop\Graves\euPPCol.ew:
    euPPColLib = 268435456
    my_check_pp_collision = 290
    my_create_ppcol_mask = 291
    my_destroy_ppcol_mask = 292
    my_check_ppmask_collision = 293
    my_check_bb_collision_general = 294
    my_check_bb_collision_bmp = 295
    my_check_bb_collision_mask = 296
    my_ppcol_version_str = 297
    my_check_pp_collision_amount = 298
    my_check_ppmask_collision_amount = 299

 C:\EUPHORIA\include\misc.e:
    pretty_end_col = <no value>
    pretty_chars = <no value>
    pretty_start_col = <no value>
    pretty_level = <no value>
    pretty_file = <no value>
    pretty_ascii = <no value>
    pretty_indent = <no value>
    pretty_ascii_min = <no value>
    pretty_ascii_max = <no value>
    pretty_line_count = <no value>
    pretty_line_max = <no value>
    pretty_dots = <no value>
    pretty_fp_format = <no value>
    pretty_int_format = <no value>
    pretty_line = <no value>

 C:\Users\Admin\Desktop\Graves\Graves.exw:
    junk = {
             {-2.449212708e-016,-0.01745240644,-0.0348994967,-0.05233595624,
-0.06975647374,-0.08715574275,-0.1045284633,-0.1218693434,-0.139173101,-0.156434465,
-0.1736481777,-0.1908089954,-0.2079116908,-0.2249510543,-0.2419218956,-0.2588190451,
-0.2756373558,-0.2923717047,-0.3090169944,-0.3255681545,-0.3420201433,-0.3583679495,
-0.3746065934,-0.3907311285,-0.4067366431,-0.4226182617,-0.4383711468,-0.4539904997,
-0.4694715628,-0.4848096202,-0.5,-0.5150380749,-0.5299192642,-0.544639035,
-0.5591929035,-0.5735764364,-0.5877852523,-0.6018150232,-0.6156614753,-0.629320391,
-0.6427876097,-0.656059029,-0.6691306064,-0.6819983601,-0.6946583705,-0.7071067812,
-0.7193398003,-0.7313537016,-0.7431448255,-0.7547095802,-0.7660444431,-0.7771459615,
-0.7880107536,-0.79863551,-0.8090169944,-0.8191520443,-0.8290375726,-0.8386705679,
-0.8480480962,-0.8571673007,-0.8660254038,-0.8746197071,-0.8829475929,-0.8910065242,
-0.8987940463,-0.906307787,-0.9135454576,-0.9205048535,-0.9271838546,-0.9335804265,
-0.9396926208,-0.9455185756,-0.9510565163,-0.956304756,-0.9612616959,-0.9659258263,
-0.9702957263,-0.9743700648,-0.9781476007,-0.9816271834,-0.984807753,-0.9876883406,
-0.9902680687,-0.9925461516,-0.9945218954,-0.9961946981,-0.9975640503,-0.9986295348,
-0.999390827,-0.9998476952,-1,-0.9998476952,-0.999390827,-0.9986295348,-0.9975640503,
-0.9961946981,-0.9945218954,-0.9925461516,-0.9902680687,-0.9876883406,-0.984807753,
-0.9816271834,-0.9781476007,-0.9743700648,-0.9702957263,-0.9659258263,-0.9612616959,
-0.956304756,-0.9510565163,-0.9455185756,-0.9396926208,-0.9335804265,-0.9271838546,
-0.9205048535,-0.9135454576,-0.906307787,-0.8987940463,-0.8910065242,-0.8829475929,
-0.8746197071,-0.8660254038,-0.8571673007,-0.8480480962,-0.8386705679,-0.8290375726,
-0.8191520443,-0.8090169944,-0.79863551,-0.7880107536,-0.7771459615,-0.7660444431,
-0.7547095802,-0.7431448255,-0.7313537016,-0.7193398003,-0.7071067812,-0.6946583705,
-0.6819983601,-0.6691306064,-0.656059029,-0.6427876097,-0.629320391,-0.6156614753,
-0.6018150232,-0.5877852523,-0.5735764364,-0.5591929035,-0.544639035,-0.5299192642,
-0.5150380749,-0.5,-0.4848096202,-0.4694715628,-0.4539904997,-0.4383711468,
-0.4226182617,-0.4067366431,-0.3907311285,-0.3746065934,-0.3583679495,-0.3420201433,
-0.3255681545,-0.3090169944,-0.2923717047,-0.2756373558,-0.2588190451,-0.2419218956,
-0.2249510543,-0.2079116908,-0.1908089954,-0.1736481777,-0.156434465,-0.139173101,
-0.1218693434,-0.1045284633,-0.08715574275,-0.06975647374,-0.05233595624,
-0.0348994967,-0.01745240644,1.224606354e-016,0.01745240644,0.0348994967,
0.05233595624,0.06975647374,0.08715574275,0.1045284633,0.1218693434,0.139173101,
0.156434465,0.1736481777,0.1908089954,0.2079116908,0.2249510543,0.2419218956,
0.2588190451,0.2756373558,0.2923717047,0.3090169944,0.3255681545,0.3420201433,
0.3583679495,0.3746065934,0.3907311285,0.4067366431,0.4226182617,0.4383711468,
0.4539904997,0.4694715628,0.4848096202,0.5,0.5150380749,0.5299192642,0.544639035,
0.5591929035,0.5735764364,0.5877852523,0.6018150232,0.6156614753,0.629320391,
0.6427876097,0.656059029,0.6691306064,0.6819983601,0.6946583705,0.7071067812,
0.7193398003,0.7313537016,0.7431448255,0.7547095802,0.7660444431,0.7771459615,
0.7880107536,0.79863551,0.8090169944,0.8191520443,0.8290375726,0.8386705679,
0.8480480962,0.8571673007,0.8660254038,0.8746197071,0.8829475929,0.8910065242,
0.8987940463,0.906307787,0.9135454576,0.9205048535,0.9271838546,0.9335804265,
0.9396926208,0.9455185756,0.9510565163,0.956304756,0.9612616959,0.9659258263,
0.9702957263,0.9743700648,0.9781476007,0.9816271834,0.984807753,0.9876883406,
0.9902680687,0.9925461516,0.9945218954,0.9961946981,0.9975640503,0.9986295348,
0.999390827,0.9998476952,1,0.9998476952,0.999390827,0.9986295348,0.9975640503,
0.9961946981,0.9945218954,0.9925461516,0.9902680687,0.9876883406,0.984807753,
0.9816271834,0.9781476007,0.9743700648,0.9702957263,0.9659258263,0.9612616959,
0.956304756,0.9510565163,0.9455185756,0.9396926208,0.9335804265,0.9271838546,
0.9205048535,0.9135454576,0.906307787,0.8987940463,0.8910065242,0.8829475929,
0.8746197071,0.8660254038,0.8571673007,0.8480480962,0.8386705679,0.8290375726,
0.8191520443,0.8090169944,0.79863551,0.7880107536,0.7771459615,0.7660444431,
0.7547095802,0.7431448255,0.7313537016,0.7193398003,0.7071067812,0.6946583705,
0.6819983601,0.6691306064,0.656059029,0.6427876097,0.629320391,0.6156614753,
0.6018150232,0.5877852523,0.5735764364,0.5591929035,0.544639035,0.5299192642,
0.5150380749,0.5,0.4848096202,0.4694715628,0.4539904997,0.4383711468,0.4226182617,
0.4067366431,0.3907311285,0.3746065934,0.3583679495,0.3420201433,0.3255681545,
0.3090169944,0.2923717047,0.2756373558,0.2588190451,0.2419218956,0.2249510543,
0.2079116908,0.1908089954,0.1736481777,0.156434465,0.139173101,0.1218693434,
0.1045284633,0.08715574275,0.06975647374,0.05233595624,0.0348994967,0.01745240644,
0},
             {1,0.9998476952,0.999390827,0.9986295348,0.9975640503,0.9961946981,
0.9945218954,0.9925461516,0.9902680687,0.9876883406,0.984807753,0.9816271834,
0.9781476007,0.9743700648,0.9702957263,0.9659258263,0.9612616959,0.956304756,
0.9510565163,0.9455185756,0.9396926208,0.9335804265,0.9271838546,0.9205048535,
0.9135454576,0.906307787,0.8987940463,0.8910065242,0.8829475929,0.8746197071,
0.8660254038,0.8571673007,0.8480480962,0.8386705679,0.8290375726,0.8191520443,
0.8090169944,0.79863551,0.7880107536,0.7771459615,0.7660444431,0.7547095802,
0.7431448255,0.7313537016,0.7193398003,0.7071067812,0.6946583705,0.6819983601,
0.6691306064,0.656059029,0.6427876097,0.629320391,0.6156614753,0.6018150232,
0.5877852523,0.5735764364,0.5591929035,0.544639035,0.5299192642,0.5150380749,
0.5,0.4848096202,0.4694715628,0.4539904997,0.4383711468,0.4226182617,0.4067366431,
0.3907311285,0.3746065934,0.3583679495,0.3420201433,0.3255681545,0.3090169944,
0.2923717047,0.2756373558,0.2588190451,0.2419218956,0.2249510543,0.2079116908,
0.1908089954,0.1736481777,0.156434465,0.139173101,0.1218693434,0.1045284633,
0.08715574275,0.06975647374,0.05233595624,0.0348994967,0.01745240644,-1.836909531e-016,
-0.01745240644,-0.0348994967,-0.05233595624,-0.06975647374,-0.08715574275,
-0.1045284633,-0.1218693434,-0.139173101,-0.156434465,-0.1736481777,-0.1908089954,
-0.2079116908,-0.2249510543,-0.2419218956,-0.2588190451,-0.2756373558,-0.2923717047,
-0.3090169944,-0.3255681545,-0.3420201433,-0.3583679495,-0.3746065934,-0.3907311285,
-0.4067366431,-0.4226182617,-0.4383711468,-0.4539904997,-0.4694715628,-0.4848096202,
-0.5,-0.5150380749,-0.5299192642,-0.544639035,-0.5591929035,-0.5735764364,
-0.5877852523,-0.6018150232,-0.6156614753,-0.629320391,-0.6427876097,-0.656059029,
-0.6691306064,-0.6819983601,-0.6946583705,-0.7071067812,-0.7193398003,-0.7313537016,
-0.7431448255,-0.7547095802,-0.7660444431,-0.7771459615,-0.7880107536,-0.79863551,
-0.8090169944,-0.8191520443,-0.8290375726,-0.8386705679,-0.8480480962,-0.8571673007,
-0.8660254038,-0.8746197071,-0.8829475929,-0.8910065242,-0.8987940463,-0.906307787,
-0.9135454576,-0.9205048535,-0.9271838546,-0.9335804265,-0.9396926208,-0.9455185756,
-0.9510565163,-0.956304756,-0.9612616959,-0.9659258263,-0.9702957263,-0.9743700648,
-0.9781476007,-0.9816271834,-0.984807753,-0.9876883406,-0.9902680687,-0.9925461516,
-0.9945218954,-0.9961946981,-0.9975640503,-0.9986295348,-0.999390827,-0.9998476952,
-1,-0.9998476952,-0.999390827,-0.9986295348,-0.9975640503,-0.9961946981,
-0.9945218954,-0.9925461516,-0.9902680687,-0.9876883406,-0.984807753,-0.9816271834,
-0.9781476007,-0.9743700648,-0.9702957263,-0.9659258263,-0.9612616959,-0.956304756,
-0.9510565163,-0.9455185756,-0.9396926208,-0.9335804265,-0.9271838546,-0.9205048535,
-0.9135454576,-0.906307787,-0.8987940463,-0.8910065242,-0.8829475929,-0.8746197071,
-0.8660254038,-0.8571673007,-0.8480480962,-0.8386705679,-0.8290375726,-0.8191520443,
-0.8090169944,-0.79863551,-0.7880107536,-0.7771459615,-0.7660444431,-0.7547095802,
-0.7431448255,-0.7313537016,-0.7193398003,-0.7071067812,-0.6946583705,-0.6819983601,
-0.6691306064,-0.656059029,-0.6427876097,-0.629320391,-0.6156614753,-0.6018150232,
-0.5877852523,-0.5735764364,-0.5591929035,-0.544639035,-0.5299192642,-0.5150380749,
-0.5,-0.4848096202,-0.4694715628,-0.4539904997,-0.4383711468,-0.4226182617,
-0.4067366431,-0.3907311285,-0.3746065934,-0.3583679495,-0.3420201433,-0.3255681545,
-0.3090169944,-0.2923717047,-0.2756373558,-0.2588190451,-0.2419218956,-0.2249510543,
-0.2079116908,-0.1908089954,-0.1736481777,-0.156434465,-0.139173101,-0.1218693434,
-0.1045284633,-0.08715574275,-0.06975647374,-0.05233595624,-0.0348994967,
-0.01745240644,6.123031769e-017,0.01745240644,0.0348994967,0.05233595624,
0.06975647374,0.08715574275,0.1045284633,0.1218693434,0.139173101,0.156434465,
0.1736481777,0.1908089954,0.2079116908,0.2249510543,0.2419218956,0.2588190451,
0.2756373558,0.2923717047,0.3090169944,0.3255681545,0.3420201433,0.3583679495,
0.3746065934,0.3907311285,0.4067366431,0.4226182617,0.4383711468,0.4539904997,
0.4694715628,0.4848096202,0.5,0.5150380749,0.5299192642,0.544639035,0.5591929035,
0.5735764364,0.5877852523,0.6018150232,0.6156614753,0.629320391,0.6427876097,
0.656059029,0.6691306064,0.6819983601,0.6946583705,0.7071067812,0.7193398003,
0.7313537016,0.7431448255,0.7547095802,0.7660444431,0.7771459615,0.7880107536,
0.79863551,0.8090169944,0.8191520443,0.8290375726,0.8386705679,0.8480480962,
0.8571673007,0.8660254038,0.8746197071,0.8829475929,0.8910065242,0.8987940463,
0.906307787,0.9135454576,0.9205048535,0.9271838546,0.9335804265,0.9396926208,
0.9455185756,0.9510565163,0.956304756,0.9612616959,0.9659258263,0.9702957263,
0.9743700648,0.9781476007,0.9816271834,0.984807753,0.9876883406,0.9902680687,
0.9925461516,0.9945218954,0.9961946981,0.9975640503,0.9986295348,0.999390827,
0.9998476952,1}
           }
    j = 0
    buffer = 139498040
    the_palette = 6358872
    ret = 1
    window_width = 640
    window_height = 480
    fps1 = 22
    fps2 = 30
    timer1 = 65.28
    time1 = 1683
    limit = 30
    wait = 93']'
    music_on = 1
    sound_on = 1
    window_mode = 0
    spade_images = {37940112,37939960,139222992,139223104,139223704,139223552,
37920512,37921872,139225424,139225272,139227736,139226568}
    tiles = {139227328,139227528,139236784,139239040,139241296,139243552,
139245808,139248064,139250320,139252576,139254832,139257088,139259344,139261600,
139265896,139267296,139267096,139266496,139264696,139264096,139266696,139267496,
139265096,139267696,139266896,139265696,139265296,139263896,139264896,139266096,
139265496,139264296,139264496,139364720,139363720,139364120,139363920,139364520,
139364920,139363520}
    tree_gfx = 139266296
    money_gfx = 139367880
    hole_gfx = 139368504
    i = 11
    mud_gfx = 139364320
    i = 6
    light_images = {139362320,139359920,139359120,139362920}
    player_images = {139365600,139365928,139366256,139333616,139333944,139366584,
139366912,139367240,139229592,139471280,139229920,139479816,139368192}
    object_images = {139359520,139360720,139358120,139357120,139362720,0}
    screen_images = {139484248,139486240,139488232}
    star_images = {139367568,139365272,139494368}
    liveing_dead_images = {139230248,139230576,139519552}
    graves_green_font = 139360320
    font_images = {139360920,139357520,139360120,139357920,139359320,139357720,
139361320,139360520,139359720,139361720,139361120,139361920,139358320,139361520,
139363320,139362120,139362520,139358520,139358920,139363120,139357320,139358720,
140016728,140015928,140013928,140015528,140018328,140016528,140015128,140017128,
140019728,140014528,140019128,140019328,140016928,140015328,140018528,140018728,
140017728,140016128,140014728,140014928,140018928,140013528,140015728,140013728,
140019528,140017328,140017928,140018128,140014128,140014328,140016328,140017528,
140020528,140020728,140020928,140019928,140021128,140020128,140021328,140020328,
139665000,139665200,139665400,139665800,139665600,139666000,139664800,139664600,
139659600,139659400,139663400,139664200,139663000,139660400,139659200,139662800,
139660600,139661200,139663800,139661400,139661600,139658800,139664400,139659800,
139663200,139660800,139661000,139662600,139660200,139664000,139658200,139661800,
139660000}
    font_position = {
                      {0,16},
                      {12,20},
                      {12,19},
                      {4,27},
                      {9,22},
                      {6,23},
                      {4,26},
                      {14,17},
                      {11,19},
                      {11,19},
                      {12,18},
                      {10,20},
                      {13,17},
                      {10,20},
                      {12,18},
                      {10,20},
                      {8,23},
                      {12,18},
                      {6,25},
                      {9,24},
                      {8,23},
                      {9,22},
                      {5,25},
                      {8,22},
                      {7,23},
                      {6,23},
                      {12,20},
                      {12,19},
                      {8,22},
                      {9,22},
                      {8,22},
                      {8,22},
                      {8,24},
                      {2,28},
                      {6,24},
                      {6,26},
                      {6,25},
                      {6,25},
                      {7,24},
                      {6,25},
                      {4,25},
                      {9,19},
                      {7,24},
                      {8,23},
                      {8,24},
                      {0,30},
                      {3,27},
                      {5,26},
                      {6,25},
                      {7,27},
                      {4,28},
                      {7,24},
                      {7,24},
                      {9,22},
                      {6,23},
                      {0,30},
                      {8,24},
                      {8,24},
                      {6,24},
                      {12,19},
                      {10,20},
                      {12,18},
                      {12,19},
                      {9,24},
                      {14,17},
                      {6,26},
                      {6,24},
                      {8,23},
                      {8,23},
                      {8,21},
                      {9,22},
                      {8,24},
                      {1,29},
                      {10,20},
                      {7,23},
                      {7,23},
                      {8,21},
                      {3,27},
                      {6,25},
                      {6,26},
                      {6,24},
                      {8,23},
                      {6,26},
                      {9,22},
                      {4,27},
                      {7,24},
                      {6,24},
                      {3,27},
                      {8,23},
                      {8,24},
                      {7,24},
                      {8,22},
                      {14,19},
                      {8,21},
                      {0,28}
                    }
    i = 95'_'
    game_end = 0
    player_x = 144
    player_y = 34'"'
    player_dir = 3
    player_speed = 4
    player_frame = 0
    player_has_fullspade = 0
    player_above_hole = 0
    player_dead = 0
    player_image_timer = 0.7
    player_power1 = 0
    player_power2 = 0
    object_info = {
                    {448,64'@',6}
                  }
    objectfree_info = {}
    object_timer = 267
    graves_sfx = 139365536
    hu1_sfx = 139367808
    hu3_sfx = 37941152
    hu4_sfx = 139225576
    hu5_sfx = 139225624
    tile_map = {
                 {14,14,14,14,14,14,14,14,20,21,14,14,14,14,14,14,14,14,
14,14},
                 {14,15,15,15,15,15,15,15,22,23,15,15,15,15,15,15,15,15,
15,14},
                 {14,3,2,3,4,4,35'#',36'$',37'%',12,12,11,1,3,1,1,3,1,2,
14},
                 {14,1,1,1,1,3,38'&',39''',40'(',13,12,12,3,3,3,4,4,3,1,
14},
                 {14,4,1,2,4,2,4,2,4,2,3,2,3,1,3,2,2,4,3,14},
                 {14,1,2,2,2,2,3,3,3,2,1,2,2,2,2,2,2,2,1,14},
                 {14,4,14,15,14,7,3,3,1,4,30,14,15,15,15,15,15,14,1,14},
                 {14,2,14,6,14,2,3,4,3,3,34'"',14,6,6,6,6,6,14,4,14},
                 {14,3,14,6,14,1,1,1,3,4,1,14,6,6,6,6,6,14,1,14},
                 {14,3,15,6,15,4,1,2,3,30,1,17,17,17,17,6,17,17,4,14},
                 {14,3,5,4,7,2,7,1,4,34'"',3,1,4,12,10,10,1,5,2,14},
                 {14,4,2,4,2,2,2,4,4,30,3,1,1,10,11,10,3,1,3,14},
                 {14,1,3,1,4,4,2,1,4,34'"',2,1,2,11,11,12,4,4,1,14},
                 {14,2,3,3,1,2,2,4,4,1,2,2,1,4,4,2,4,4,3,14},
                 {14,4,3,3,2,2,1,1,2,3,3,4,1,4,1,1,2,2,3,14}
               }
    tile_overlayer = {
                       {14,0,448},
                       {18,0,416},
                       {14,32' ',448},
                       {18,32' ',416},
                       {14,64'@',448},
                       {18,64'@',416},
                       {14,96'`',448},
                       {18,96'`',416},
                       {14,128,448},
                       {18,128,416},
                       {14,160,448},
                       {18,160,416},
                       {14,192,448},
                       {18,192,416},
                       {14,224,448},
                       {18,224,416},
                       {14,256,448},
                       {18,256,416},
                       {14,288,448},
                       {18,288,416},
                       {14,320,448},
                       {18,320,416},
                       {14,352,448},
                       {18,352,416},
                       {14,384,448},
                       {18,384,416},
                       {14,416,448},
                       {18,416,416},
                       {14,448,448},
                       {18,448,416},
                       {14,480,448},
                       {18,480,416},
                       {14,512,448},
                       {18,512,416},
                       {14,544,448},
                       {18,544,416},
                       {14,576,448},
                       {18,576,416},
                       {14,608,448},
                       {18,608,416},
                       {14,64'@',160},
                       {18,64'@',128},
                       {14,64'@',256},
                       {18,64'@',256},
                       {14,96'`',160},
                       {18,96'`',128},
                       {14,128,160},
                       {18,128,128},
                       {14,128,256},
                       {18,128,256},
                       {19,96'`',224},
                       {16,96'`',256},
                       {14,352,160},
                       {18,352,128},
                       {14,352,256},
                       {18,352,256},
                       {14,384,160},
                       {18,384,128},
                       {14,384,256},
                       {18,384,256},
                       {14,416,160},
                       {18,416,128},
                       {14,416,256},
                       {18,416,256},
                       {14,448,160},
                       {18,448,128},
                       {14,448,256},
                       {18,448,256},
                       {14,480,160},
                       {18,480,128},
                       {14,512,160},
                       {18,512,128},
                       {14,512,256},
                       {18,512,256},
                       {14,544,160},
                       {18,544,128},
                       {14,544,256},
                       {18,544,256},
                       {19,480,224},
                       {16,480,256},
                       {24,256,320},
                       {25,288,320},
                       {26,320,320},
                       {27,256,352},
                       {28,288,352},
                       {29,320,352},
                       {31,256,384},
                       {32' ',288,384},
                       {33'!',320,384},
                       {24,256,256},
                       {25,288,256},
                       {26,320,256},
                       {27,256,288},
                       {28,288,288},
                       {29,320,288},
                       {31,256,320},
                       {32' ',288,320},
                       {33'!',320,320},
                       {24,288,160},
                       {25,320,160},
                       {26,352,160},
                       {27,288,192},
                       {28,320,192},
                       {29,352,192},
                       {31,288,224},
                       {32' ',320,224},
                       {33'!',352,224}
                     }
    walkable_array = {
                       {0,0,0,0,0,0,0,0,0,0,0,0,0,0,0,0,0,0,0,0},
                       {0,0,0,0,0,0,0,0,0,0,0,0,0,0,0,0,0,0,0,0},
                       {0,1,1,1,1,1,1,1,1,1,1,1,1,1,1,1,1,1,1,0},
                       {0,1,1,1,1,1,1,1,1,1,1,1,1,1,1,1,1,1,1,0},
                       {0,1,1,1,1,1,1,1,1,1,1,1,1,1,1,1,1,1,1,0},
                       {0,1,1,1,1,1,1,1,1,1,1,1,1,1,1,1,1,1,1,0},
                       {0,1,0,0,0,1,1,1,1,1,0,0,0,0,0,0,0,0,1,0},
                       {0,1,0,1,0,1,1,1,1,1,0,0,1,1,1,1,1,0,1,0},
                       {0,1,0,1,0,1,1,1,1,1,1,0,1,1,1,1,1,0,1,0},
                       {0,1,0,1,0,1,1,1,1,0,1,0,0,0,0,1,0,0,1,0},
                       {0,1,1,1,1,1,1,1,1,0,1,1,1,1,1,1,1,1,1,0},
                       {0,1,1,1,1,1,1,1,1,0,1,1,1,1,1,1,1,1,1,0},
                       {0,1,1,1,1,1,1,1,1,0,1,1,1,1,1,1,1,1,1,0},
                       {0,1,1,1,1,1,1,1,1,1,1,1,1,1,1,1,1,1,1,0},
                       {0,1,1,1,1,1,1,1,1,1,1,1,1,1,1,1,1,1,1,0}
                     }
    light_info = {
                   {160,192,3,0,1},
                   {192,320,3,0,1},
                   {128,320,3,0,1}
                 }
    level = 2
    score = 2350
    attacking = 0
    attack_timer = 136
    liveing_dead1_info = {}
    liveing_dead2_info = {}
    liveing_dead3_info = {}
    opengrave_info = {
                       {352,96'`',8},
                       -1,
                       -1,
                       {352,576,6}
                     }
    opengrave_freeinfo = {3,2}
    opengrave_num = 2
    ahead = 4
    maxrot = 30
    stepsize = 4
    temp_row = 9
    temp_col = 2
    set_draw_overlayer = 1
    set_draw_walkable = 0
    game_mode = 1
    menu_index = 1
    menu_screen = 1
    star = {
             {140,210,1,2},
             {443,102'f',2,3},
             {263,173,3,2},
             {105'i',295,3,3},
             {227,451,1,1},
             {19,10,1,1},
             {136,221,3,2},
             {482,100'd',1,3},
             {534,250,3,2},
             {277,391,2,1},
             {610,379,3,3},
             {294,110'n',1,3},
             {476,258,2,1},
             {145,50'2',2,2},
             {72'H',150,1,1},
             {285,269,3,3},
             {280,391,1,2},
             {240,154,3,3},
             {302,408,1,3},
             {55'7',266,2,3},
             {4,172,3,1},
             {169,52'4',1,2},
             {401,215,1,3},
             {315,-10,3,3},
             {69'E',162,2,2},
             {57'9',34'"',1,1},
             {137,431,1,2},
             {485,157,2,2},
             {368,254,3,2},
             {588,342,3,3},
             {610,399,1,1},
             {177,387,3,3},
             {526,86'V',3,2},
             {410,333,1,1},
             {375,-1,2,1},
             {605,216,1,2},
             {119'w',38'&',2,2},
             {32' ',265,3,1},
             {3,404,2,1},
             {620,212,1,3},
             {541,276,1,2},
             {505,126'~',1,1},
             {453,470,1,3},
             {82'R',286,3,2},
             {4,159,1,1},
             {296,271,2,2},
             {580,108'l',1,2},
             {619,-5,3,3},
             {590,236,2,3},
             {42'*',104'h',3,1},
             {193,299,1,2}
           }
    i = 51'3'
    fn = <no value>
    i = <no value>
    i = <no value>
    i = <no value>
    i = <no value>
    i = <no value>
    i = <no value>
    i = <no value>
    i = <no value>
    i = <no value>


